Marginal likelihood with initialization (1) = -0.9211824490
Marginal likelihood with initialization (2) = -0.9211837738
Marginal likelihood with initialization (3) = -0.9211839240
Marginal likelihood with initialization (4) = -0.9211822106
Marginal likelihood with initialization (5) = -0.9211844608
Iteration Marginal_Likelihood delta_Marginal_Likelihood Iteration_Time (secs)
0 -0.9211822106 -- 0.079
10 -0.6727026784 0.2484795322 0.341
20 -0.5028890511 0.1698136274 0.318
30 -0.4422415723 0.0606474787 0.314
40 -0.4227026555 0.0195389168 0.346
50 -0.4165494757 0.0061531797 0.315
60 -0.4116506377 0.0048988381 0.317
70 -0.4076936689 0.0039569688 0.343
80 -0.4053047355 0.0023889334 0.317
90 -0.4039308835 0.0013738520 0.316
100 -0.4030575495 0.0008733340 0.333
110 -0.4025059445 0.0005516050 0.313
120 -0.4020043886 0.0005015559 0.323
130 -0.4016038355 0.0004005530 0.323
140 -0.4012766203 0.0003272153 0.324
150 -0.4010081041 0.0002685162 0.320
160 -0.4008518098 0.0001562943 0.316
170 -0.4007053630 0.0001464468 0.335
180 -0.4005316237 0.0001737393 0.313
190 -0.4004806009 0.0000510228 0.312
200 -0.4004140157 0.0000665852 0.343
210 -0.4003662367 0.0000477791 0.312
220 -0.4003058381 0.0000603985 0.317
230 -0.4002736091 0.0000322290 0.345
240 -0.4002118345 0.0000617746 0.314
250 -0.4001819534 0.0000298811 0.320
260 -0.4001818492 0.0000001043 0.333
Marginal Likelihood = -0.4001818492
Total time = 8.5095 seconds
Total iterations = 260 
CV error = 0.3188052, 0.0204401 
