Marginal likelihood with initialization (1) = -0.7307800009
Marginal likelihood with initialization (2) = -0.7307794281
Marginal likelihood with initialization (3) = -0.7307802341
Marginal likelihood with initialization (4) = -0.7307794658
Marginal likelihood with initialization (5) = -0.7307790446
Iteration Marginal_Likelihood delta_Marginal_Likelihood Iteration_Time (secs)
0 -0.7307790446 -- 0.046
10 -0.5373504796 0.1934285650 0.165
20 -0.4504068763 0.0869436033 0.185
30 -0.4203582511 0.0300486252 0.169
40 -0.4104127718 0.0099454793 0.171
50 -0.4044771455 0.0059356263 0.165
60 -0.4026724301 0.0018047155 0.172
70 -0.4012154321 0.0014569980 0.166
80 -0.4002057062 0.0010097259 0.182
90 -0.3994768161 0.0007288902 0.169
100 -0.3990079857 0.0004688304 0.170
110 -0.3986606950 0.0003472906 0.167
120 -0.3983731471 0.0002875479 0.165
130 -0.3981347964 0.0002383508 0.166
140 -0.3978257559 0.0003090405 0.191
150 -0.3975860690 0.0002396869 0.164
160 -0.3971712592 0.0004148098 0.168
170 -0.3968591866 0.0003120726 0.166
180 -0.3966322033 0.0002269834 0.168
190 -0.3964273121 0.0002048911 0.180
200 -0.3962579726 0.0001693396 0.166
210 -0.3961569913 0.0001009813 0.166
220 -0.3961073876 0.0000496037 0.166
230 -0.3961070395 0.0000003481 0.164
Marginal Likelihood = -0.3961070395
Total time = 3.9615 seconds
Total iterations = 230 
CV error = 0.3198800, 0.0180714 
