Marginal likelihood with initialization (1) = -0.7688032147
Marginal likelihood with initialization (2) = -0.7688041048
Marginal likelihood with initialization (3) = -0.7688051585
Marginal likelihood with initialization (4) = -0.7688060449
Marginal likelihood with initialization (5) = -0.7688065663
Iteration Marginal_Likelihood delta_Marginal_Likelihood Iteration_Time (secs)
0 -0.7688032147 -- 0.051
10 -0.5715103193 0.1972928954 0.196
20 -0.4752851641 0.0962251552 0.258
30 -0.4325727235 0.0427124406 0.196
40 -0.4157640799 0.0168086437 0.201
50 -0.4070802526 0.0086838273 0.197
60 -0.4031659466 0.0039143059 0.193
70 -0.4011690588 0.0019968878 0.204
80 -0.3999623469 0.0012067119 0.198
90 -0.3989902469 0.0009721000 0.195
100 -0.3983698148 0.0006204321 0.199
110 -0.3979471102 0.0004227045 0.205
120 -0.3977189980 0.0002281123 0.197
130 -0.3974821407 0.0002368573 0.193
140 -0.3973951886 0.0000869521 0.193
150 -0.3973032828 0.0000919058 0.196
160 -0.3971667810 0.0001365018 0.205
170 -0.3970767456 0.0000900354 0.194
180 -0.3970112073 0.0000655384 0.194
190 -0.3969610905 0.0000501168 0.194
200 -0.3969089207 0.0000521698 0.195
210 -0.3968816023 0.0000273184 0.214
220 -0.3968331413 0.0000484611 0.199
230 -0.3968053701 0.0000277711 0.195
240 -0.3968052749 0.0000000952 0.191
Marginal Likelihood = -0.3968052749
Total time = 4.8588 seconds
Total iterations = 240 
CV error = 0.3169891, 0.0287642 
