Marginal likelihood with initialization (1) = -0.5977872624
Marginal likelihood with initialization (2) = -0.5977848601
Marginal likelihood with initialization (3) = -0.5977853160
Marginal likelihood with initialization (4) = -0.5977841161
Marginal likelihood with initialization (5) = -0.5977865368
Iteration Marginal_Likelihood delta_Marginal_Likelihood Iteration_Time (secs)
0 -0.5977841161 -- 0.029
10 -0.4334310160 0.1643531001 0.088
20 -0.4153065316 0.0181244844 0.092
30 -0.4071856581 0.0081208735 0.101
40 -0.4036040714 0.0035815867 0.108
50 -0.4018460971 0.0017579743 0.099
60 -0.4009438644 0.0009022327 0.087
70 -0.4001136888 0.0008301755 0.095
80 -0.3994338305 0.0006798584 0.088
90 -0.3988279755 0.0006058550 0.086
100 -0.3983785644 0.0004494111 0.087
110 -0.3981279041 0.0002506603 0.099
120 -0.3979198953 0.0002080088 0.102
130 -0.3977515708 0.0001683246 0.147
140 -0.3976055244 0.0001460464 0.101
150 -0.3974972623 0.0001082621 0.101
160 -0.3974021246 0.0000951377 0.097
170 -0.3973697268 0.0000323977 0.087
180 -0.3973286669 0.0000410600 0.087
190 -0.3972572921 0.0000713748 0.086
200 -0.3972453680 0.0000119241 0.089
210 -0.3972313522 0.0000140159 0.106
220 -0.3972292650 0.0000020872 0.089
230 -0.3972058389 0.0000234261 0.086
240 -0.3971918750 0.0000139639 0.090
250 -0.3971918656 0.0000000094 0.089
Marginal Likelihood = -0.3971918656
Total time = 2.4195 seconds
Total iterations = 250 
