Marginal likelihood with initialization (1) = -0.5596936022
Marginal likelihood with initialization (2) = -0.5596932995
Marginal likelihood with initialization (3) = -0.5596916246
Marginal likelihood with initialization (4) = -0.5596921741
Marginal likelihood with initialization (5) = -0.5596910954
Iteration Marginal_Likelihood delta_Marginal_Likelihood Iteration_Time (secs)
0 -0.5596910954 -- 0.021
10 -0.4150644627 0.1446266327 0.072
20 -0.4059954282 0.0090690344 0.073
30 -0.4013394219 0.0046560063 0.076
40 -0.3998407353 0.0014986866 0.073
50 -0.3993258334 0.0005149018 0.068
60 -0.3990983708 0.0002274626 0.060
70 -0.3988934306 0.0002049402 0.058
80 -0.3987101084 0.0001833222 0.060
90 -0.3986174097 0.0000926987 0.059
100 -0.3985807726 0.0000366371 0.059
110 -0.3985485009 0.0000322717 0.065
120 -0.3985217048 0.0000267961 0.063
130 -0.3985053600 0.0000163448 0.065
140 -0.3984691484 0.0000362116 0.060
150 -0.3984683486 0.0000007998 0.058
Marginal Likelihood = -0.3984683486
Total time = 0.9945 seconds
Total iterations = 150 
