Marginal likelihood with initialization (1) = -0.9021121571
Marginal likelihood with initialization (2) = -0.9021111716
Marginal likelihood with initialization (3) = -0.9021142042
Marginal likelihood with initialization (4) = -0.9021097289
Marginal likelihood with initialization (5) = -0.9021110304
Iteration Marginal_Likelihood delta_Marginal_Likelihood Iteration_Time (secs)
0 -0.9021097289 -- 0.078
10 -0.6443424706 0.2577672583 0.317
20 -0.4967389813 0.1476034893 0.301
30 -0.4478854282 0.0488535531 0.299
40 -0.4237677884 0.0241176398 0.325
50 -0.4126665750 0.0111012135 0.303
60 -0.4079696709 0.0046969041 0.298
70 -0.4060228844 0.0019467866 0.302
80 -0.4051666431 0.0008562412 0.327
90 -0.4044818265 0.0006848166 0.296
100 -0.4040701746 0.0004116520 0.307
110 -0.4037740660 0.0002961085 0.318
120 -0.4034915767 0.0002824893 0.296
130 -0.4033481139 0.0001434628 0.307
140 -0.4032393755 0.0001087384 0.307
150 -0.4031229136 0.0001164619 0.294
160 -0.4027068926 0.0004160210 0.303
170 -0.4018843889 0.0008225037 0.293
180 -0.4015297855 0.0003546035 0.309
190 -0.4014294678 0.0001003177 0.301
200 -0.4013463556 0.0000831122 0.297
210 -0.4013233155 0.0000230400 0.317
220 -0.4012879830 0.0000353325 0.295
230 -0.4012879748 0.0000000083 0.294
Marginal Likelihood = -0.4012879748
Total time = 7.0900 seconds
Total iterations = 230 
CV error = 0.3296117, 0.0290941 
