Marginal likelihood with initialization (1) = -0.7117737846
Marginal likelihood with initialization (2) = -0.7117733953
Marginal likelihood with initialization (3) = -0.7117749993
Marginal likelihood with initialization (4) = -0.7117768457
Marginal likelihood with initialization (5) = -0.7117761132
Iteration Marginal_Likelihood delta_Marginal_Likelihood Iteration_Time (secs)
0 -0.7117733953 -- 0.052
10 -0.5278023401 0.1839710552 0.202
20 -0.4524216635 0.0753806766 0.197
30 -0.4254085942 0.0270130693 0.168
40 -0.4114829443 0.0139256500 0.169
50 -0.4047362272 0.0067467171 0.190
60 -0.4014217951 0.0033144321 0.171
70 -0.3990384683 0.0023833268 0.170
80 -0.3977941630 0.0012443053 0.175
90 -0.3970369003 0.0007572628 0.170
100 -0.3966211291 0.0004157712 0.180
110 -0.3963761077 0.0002450214 0.176
120 -0.3961953286 0.0001807791 0.172
130 -0.3959811204 0.0002142082 0.172
140 -0.3958537626 0.0001273579 0.172
150 -0.3957564037 0.0000973588 0.167
160 -0.3955944154 0.0001619883 0.174
170 -0.3955475641 0.0000468512 0.178
180 -0.3955062785 0.0000412857 0.170
190 -0.3954843660 0.0000219124 0.173
200 -0.3954843082 0.0000000578 0.171
Marginal Likelihood = -0.3954843082
Total time = 3.5740 seconds
Total iterations = 200 
