Marginal likelihood with initialization (1) = -0.8068558807
Marginal likelihood with initialization (2) = -0.8068576721
Marginal likelihood with initialization (3) = -0.8068567988
Marginal likelihood with initialization (4) = -0.8068571442
Marginal likelihood with initialization (5) = -0.8068571971
Iteration Marginal_Likelihood delta_Marginal_Likelihood Iteration_Time (secs)
0 -0.8068558807 -- 0.061
10 -0.6055382568 0.2013176238 0.252
20 -0.4938849103 0.1116533465 0.232
30 -0.4461831506 0.0477017597 0.227
40 -0.4279444643 0.0182386863 0.222
50 -0.4160034070 0.0119410573 0.229
60 -0.4114236403 0.0045797667 0.227
70 -0.4083288134 0.0030948269 0.222
80 -0.4062855520 0.0020432614 0.231
90 -0.4051164457 0.0011691063 0.224
100 -0.4041740633 0.0009423823 0.229
110 -0.4036437891 0.0005302743 0.221
120 -0.4032395346 0.0004042544 0.234
130 -0.4029850767 0.0002544580 0.226
140 -0.4027757025 0.0002093741 0.232
150 -0.4026474141 0.0001282885 0.225
160 -0.4025397938 0.0001076203 0.220
170 -0.4024967736 0.0000430202 0.225
180 -0.4024967611 0.0000000125 0.222
Marginal Likelihood = -0.4024967611
Total time = 4.1658 seconds
Total iterations = 180 
