Marginal likelihood with initialization (1) = -0.6927760359
Marginal likelihood with initialization (2) = -0.6927755984
Marginal likelihood with initialization (3) = -0.6927737286
Marginal likelihood with initialization (4) = -0.6927777539
Marginal likelihood with initialization (5) = -0.6927756414
Iteration Marginal_Likelihood delta_Marginal_Likelihood Iteration_Time (secs)
0 -0.6927737286 -- 0.044
10 -0.5008668143 0.1919069144 0.150
20 -0.4472754542 0.0535913600 0.140
30 -0.4245216644 0.0227537898 0.142
40 -0.4098358803 0.0146857841 0.140
50 -0.4045434640 0.0052924163 0.141
60 -0.4024252953 0.0021181687 0.144
70 -0.4010430284 0.0013822669 0.142
80 -0.4002375938 0.0008054346 0.141
90 -0.3998623804 0.0003752134 0.149
100 -0.3995112120 0.0003511684 0.143
110 -0.3992728104 0.0002384016 0.153
120 -0.3990867649 0.0001860455 0.141
130 -0.3989369130 0.0001498519 0.139
140 -0.3987754374 0.0001614756 0.141
150 -0.3986292216 0.0001462157 0.139
160 -0.3985220101 0.0001072115 0.152
170 -0.3984115470 0.0001104631 0.145
180 -0.3983535184 0.0000580286 0.143
190 -0.3982468994 0.0001066191 0.139
200 -0.3982137541 0.0000331452 0.140
210 -0.3981815553 0.0000321988 0.140
220 -0.3980929973 0.0000885580 0.139
230 -0.3980496255 0.0000433719 0.146
240 -0.3979975103 0.0000521151 0.165
250 -0.3979948777 0.0000026326 0.138
260 -0.3979483512 0.0000465266 0.140
270 -0.3979266384 0.0000217128 0.140
280 -0.3979266331 0.0000000053 0.140
Marginal Likelihood = -0.3979266331
Total time = 4.0594 seconds
Total iterations = 280 
CV error = 0.3180483, 0.0193074 
