Marginal likelihood with initialization (1) = -0.8830482419
Marginal likelihood with initialization (2) = -0.8830459433
Marginal likelihood with initialization (3) = -0.8830461945
Marginal likelihood with initialization (4) = -0.8830452175
Marginal likelihood with initialization (5) = -0.8830444831
Iteration Marginal_Likelihood delta_Marginal_Likelihood Iteration_Time (secs)
0 -0.8830444831 -- 0.078
10 -0.6522669138 0.2307775692 0.307
20 -0.5053874822 0.1468794317 0.319
30 -0.4501246726 0.0552628095 0.283
40 -0.4273161478 0.0228085248 0.306
50 -0.4120729721 0.0152431757 0.295
60 -0.4083368413 0.0037361309 0.282
70 -0.4065734443 0.0017633970 0.289
80 -0.4055450543 0.0010283900 0.306
90 -0.4047572869 0.0007877674 0.292
100 -0.4041343630 0.0006229239 0.295
110 -0.4037147751 0.0004195879 0.306
120 -0.4033112426 0.0004035325 0.290
130 -0.4031495001 0.0001617426 0.290
140 -0.4029608263 0.0001886738 0.298
150 -0.4028673083 0.0000935180 0.287
160 -0.4027521009 0.0001152074 0.288
170 -0.4026567829 0.0000953180 0.281
180 -0.4026426243 0.0000141586 0.300
190 -0.4026157583 0.0000268660 0.293
200 -0.4025570739 0.0000586844 0.281
210 -0.4025292912 0.0000277827 0.282
220 -0.4025292887 0.0000000025 0.297
Marginal Likelihood = -0.4025292887
Total time = 6.5528 seconds
Total iterations = 220 
CV error = 0.3209184, 0.0358534 
