Marginal likelihood with initialization (1) = -0.9593488205
Marginal likelihood with initialization (2) = -0.9593511954
Marginal likelihood with initialization (3) = -0.9593488084
Marginal likelihood with initialization (4) = -0.9593483296
Marginal likelihood with initialization (5) = -0.9593488913
Iteration Marginal_Likelihood delta_Marginal_Likelihood Iteration_Time (secs)
0 -0.9593483296 -- 0.087
10 -0.6897421968 0.2696061328 0.344
20 -0.5092345138 0.1805076830 0.339
30 -0.4510479129 0.0581866009 0.336
40 -0.4293834832 0.0216644297 0.349
50 -0.4191690002 0.0102144830 0.339
60 -0.4141090480 0.0050599522 0.343
70 -0.4117317959 0.0023772520 0.335
80 -0.4103981288 0.0013336671 0.337
90 -0.4095797518 0.0008183770 0.339
100 -0.4087785836 0.0008011682 0.357
110 -0.4081901596 0.0005884239 0.337
120 -0.4077692393 0.0004209203 0.348
130 -0.4073056907 0.0004635486 0.349
140 -0.4068310223 0.0004746684 0.346
150 -0.4064856271 0.0003453952 0.338
160 -0.4062198049 0.0002658222 0.354
170 -0.4060792220 0.0001405829 0.345
180 -0.4058743754 0.0002048467 0.351
190 -0.4057709725 0.0001034029 0.344
200 -0.4057127528 0.0000582197 0.346
210 -0.4057125922 0.0000001606 0.343
Marginal Likelihood = -0.4057125922
Total time = 7.3107 seconds
Total iterations = 210 
