Marginal likelihood with initialization (1) = -0.6357932379
Marginal likelihood with initialization (2) = -0.6357933832
Marginal likelihood with initialization (3) = -0.6357913245
Marginal likelihood with initialization (4) = -0.6357934069
Marginal likelihood with initialization (5) = -0.6357925735
Iteration Marginal_Likelihood delta_Marginal_Likelihood Iteration_Time (secs)
0 -0.6357913245 -- 0.035
10 -0.4743074173 0.1614839072 0.125
20 -0.4380035441 0.0363038732 0.148
30 -0.4187379426 0.0192656016 0.129
40 -0.4093311548 0.0094067878 0.110
50 -0.4052060611 0.0041250936 0.111
60 -0.4028290980 0.0023769632 0.116
70 -0.4012284358 0.0016006622 0.109
80 -0.3999377164 0.0012907193 0.132
90 -0.3991977752 0.0007399412 0.113
100 -0.3987140063 0.0004837690 0.112
110 -0.3982918662 0.0004221401 0.116
120 -0.3979589956 0.0003328706 0.116
130 -0.3977667733 0.0001922223 0.114
140 -0.3976455996 0.0001211737 0.114
150 -0.3975337957 0.0001118039 0.112
160 -0.3974264831 0.0001073126 0.115
170 -0.3973383584 0.0000881247 0.121
180 -0.3972441265 0.0000942320 0.107
190 -0.3971664676 0.0000776588 0.105
200 -0.3971071796 0.0000592881 0.106
210 -0.3970380023 0.0000691773 0.099
220 -0.3969948325 0.0000431698 0.098
230 -0.3969580366 0.0000367959 0.099
240 -0.3969403858 0.0000176508 0.103
250 -0.3969209037 0.0000194820 0.097
260 -0.3969207384 0.0000001654 0.120
Marginal Likelihood = -0.3969207384
Total time = 2.9886 seconds
Total iterations = 260 
