Marginal likelihood with initialization (1) = -0.7497907592
Marginal likelihood with initialization (2) = -0.7497874662
Marginal likelihood with initialization (3) = -0.7497883426
Marginal likelihood with initialization (4) = -0.7497884678
Marginal likelihood with initialization (5) = -0.7497889655
Iteration Marginal_Likelihood delta_Marginal_Likelihood Iteration_Time (secs)
0 -0.7497874662 -- 0.054
10 -0.5530785974 0.1967088688 0.201
20 -0.4566745243 0.0964040731 0.253
30 -0.4211445279 0.0355299964 0.195
40 -0.4092922576 0.0118522704 0.201
50 -0.4049299479 0.0043623097 0.181
60 -0.4023216845 0.0026082634 0.176
70 -0.4005606999 0.0017609846 0.198
80 -0.3997091950 0.0008515049 0.178
90 -0.3987558982 0.0009532968 0.184
100 -0.3981628861 0.0005930121 0.196
110 -0.3977656066 0.0003972795 0.182
120 -0.3974350766 0.0003305299 0.187
130 -0.3971089377 0.0003261390 0.183
140 -0.3966798784 0.0004290592 0.183
150 -0.3963853762 0.0002945023 0.200
160 -0.3961885166 0.0001968596 0.193
170 -0.3960606205 0.0001278960 0.182
180 -0.3959467980 0.0001138225 0.200
190 -0.3959092145 0.0000375836 0.215
200 -0.3958679770 0.0000412375 0.203
210 -0.3958668365 0.0000011404 0.202
220 -0.3958418375 0.0000249991 0.213
230 -0.3958160466 0.0000257909 0.201
240 -0.3958155740 0.0000004726 0.201
Marginal Likelihood = -0.3958155740
Total time = 4.7677 seconds
Total iterations = 240 
