Marginal likelihood with initialization (1) = -0.9402626750
Marginal likelihood with initialization (2) = -0.9402635801
Marginal likelihood with initialization (3) = -0.9402637018
Marginal likelihood with initialization (4) = -0.9402631183
Marginal likelihood with initialization (5) = -0.9402620131
Iteration Marginal_Likelihood delta_Marginal_Likelihood Iteration_Time (secs)
0 -0.9402620131 -- 0.091
10 -0.6953842088 0.2448778043 0.343
20 -0.5273522158 0.1680319930 0.323
30 -0.4616298714 0.0657223444 0.333
40 -0.4255298769 0.0360999945 0.337
50 -0.4145374780 0.0109923988 0.323
60 -0.4102218949 0.0043155832 0.332
70 -0.4081587030 0.0020631919 0.347
80 -0.4069246082 0.0012340948 0.325
90 -0.4061970042 0.0007276039 0.338
100 -0.4057470029 0.0004500013 0.339
110 -0.4053321946 0.0004148083 0.324
120 -0.4048497740 0.0004824207 0.337
130 -0.4045029013 0.0003468727 0.341
140 -0.4041083795 0.0003945217 0.324
150 -0.4038873696 0.0002210099 0.327
160 -0.4036532786 0.0002340911 0.330
170 -0.4035291710 0.0001241076 0.319
180 -0.4034172212 0.0001119497 0.329
190 -0.4033777210 0.0000395002 0.331
200 -0.4032467404 0.0001309806 0.326
210 -0.4031977912 0.0000489492 0.330
220 -0.4031977880 0.0000000032 0.325
Marginal Likelihood = -0.4031977880
Total time = 7.3794 seconds
Total iterations = 220 
