Marginal likelihood with initialization (1) = -0.8258933090
Marginal likelihood with initialization (2) = -0.8258938313
Marginal likelihood with initialization (3) = -0.8258906226
Marginal likelihood with initialization (4) = -0.8258920912
Marginal likelihood with initialization (5) = -0.8258934817
Iteration Marginal_Likelihood delta_Marginal_Likelihood Iteration_Time (secs)
0 -0.8258906226 -- 0.068
10 -0.6030861872 0.2228044354 0.235
20 -0.4914307164 0.1116554709 0.237
30 -0.4435486426 0.0478820737 0.252
40 -0.4266134224 0.0169352202 0.243
50 -0.4172833799 0.0093300425 0.237
60 -0.4090886782 0.0081947017 0.276
70 -0.4070430582 0.0020456200 0.253
80 -0.4056614339 0.0013816243 0.242
90 -0.4048881208 0.0007733130 0.245
100 -0.4044596296 0.0004284912 0.272
110 -0.4039430958 0.0005165338 0.237
120 -0.4035746163 0.0003684795 0.237
130 -0.4032918462 0.0002827702 0.249
140 -0.4031088411 0.0001830051 0.270
150 -0.4029644516 0.0001443895 0.253
160 -0.4028841480 0.0000803036 0.240
170 -0.4027565827 0.0001275653 0.278
180 -0.4026196730 0.0001369097 0.240
190 -0.4025822901 0.0000373829 0.235
200 -0.4025560069 0.0000262832 0.249
210 -0.4025551295 0.0000008774 0.260
Marginal Likelihood = -0.4025551295
Total time = 5.3111 seconds
Total iterations = 210 
CV error = 0.3281162, 0.0274304 
