Marginal likelihood with initialization (1) = -0.7878281800
Marginal likelihood with initialization (2) = -0.7878263224
Marginal likelihood with initialization (3) = -0.7878272784
Marginal likelihood with initialization (4) = -0.7878292002
Marginal likelihood with initialization (5) = -0.7878261157
Iteration Marginal_Likelihood delta_Marginal_Likelihood Iteration_Time (secs)
0 -0.7878261157 -- 0.063
10 -0.5754727981 0.2123533175 0.206
20 -0.4807336461 0.0947391520 0.209
30 -0.4370833037 0.0436503424 0.211
40 -0.4186876920 0.0183956118 0.209
50 -0.4115580471 0.0071296448 0.208
60 -0.4074742105 0.0040838366 0.225
70 -0.4042351018 0.0032391087 0.211
80 -0.4033298460 0.0009052558 0.207
90 -0.4027005280 0.0006293179 0.207
100 -0.4022891335 0.0004113945 0.207
110 -0.4020207525 0.0002683810 0.224
120 -0.4017590898 0.0002616626 0.206
130 -0.4016484017 0.0001106881 0.207
140 -0.4015166864 0.0001317153 0.205
150 -0.4014408239 0.0000758625 0.230
160 -0.4013436914 0.0000971325 0.206
170 -0.4013394437 0.0000042477 0.207
180 -0.4012604114 0.0000790323 0.205
190 -0.4012353670 0.0000250443 0.205
200 -0.4012338641 0.0000015030 0.222
210 -0.4012338638 0.0000000003 0.205
Marginal Likelihood = -0.4012338638
Total time = 4.4902 seconds
Total iterations = 210 
CV error = 0.3394277, 0.0291690 
