Marginal likelihood with initialization (1) = -0.6167943777
Marginal likelihood with initialization (2) = -0.6167951413
Marginal likelihood with initialization (3) = -0.6167938869
Marginal likelihood with initialization (4) = -0.6167941643
Marginal likelihood with initialization (5) = -0.6167917008
Iteration Marginal_Likelihood delta_Marginal_Likelihood Iteration_Time (secs)
0 -0.6167917008 -- 0.028
10 -0.4540615426 0.1627301582 0.090
20 -0.4221865254 0.0318750171 0.092
30 -0.4102439076 0.0119426179 0.093
40 -0.4022682352 0.0079756724 0.090
50 -0.3974660684 0.0048021668 0.090
60 -0.3945910073 0.0028750611 0.092
70 -0.3926355559 0.0019554514 0.090
80 -0.3914915194 0.0011440366 0.091
90 -0.3906590809 0.0008324384 0.090
100 -0.3901080313 0.0005510496 0.093
110 -0.3897015772 0.0004064541 0.090
120 -0.3894246205 0.0002769567 0.092
130 -0.3892293180 0.0001953025 0.104
140 -0.3891104020 0.0001189159 0.092
150 -0.3889919588 0.0001184432 0.098
160 -0.3889566142 0.0000353446 0.090
170 -0.3889082052 0.0000484091 0.090
180 -0.3888470008 0.0000612043 0.092
190 -0.3888246163 0.0000223845 0.090
200 -0.3888017858 0.0000228305 0.090
210 -0.3887588995 0.0000428864 0.090
220 -0.3887588769 0.0000000226 0.090
Marginal Likelihood = -0.3887588769
Total time = 2.0533 seconds
Total iterations = 220 
CV error = 0.3417685, 0.0241612 
