Marginal likelihood with initialization (1) = -0.6547872058
Marginal likelihood with initialization (2) = -0.6547879980
Marginal likelihood with initialization (3) = -0.6547882951
Marginal likelihood with initialization (4) = -0.6547882076
Marginal likelihood with initialization (5) = -0.6547877822
Iteration Marginal_Likelihood delta_Marginal_Likelihood Iteration_Time (secs)
0 -0.6547872058 -- 0.033
10 -0.4624967985 0.1922904073 0.126
20 -0.4246995288 0.0377972697 0.130
30 -0.4113869186 0.0133126102 0.120
40 -0.4055864501 0.0058004684 0.116
50 -0.4029291793 0.0026572708 0.113
60 -0.4015897327 0.0013394467 0.114
70 -0.4005014642 0.0010882685 0.115
80 -0.3995244095 0.0009770547 0.116
90 -0.3987432789 0.0007811305 0.114
100 -0.3980575542 0.0006857248 0.113
110 -0.3975400406 0.0005175135 0.134
120 -0.3971908330 0.0003492077 0.120
130 -0.3969208698 0.0002699632 0.115
140 -0.3967480836 0.0001727862 0.113
150 -0.3965689331 0.0001791505 0.117
160 -0.3964807619 0.0000881713 0.114
170 -0.3963763677 0.0001043941 0.112
180 -0.3963351352 0.0000412326 0.113
190 -0.3962718700 0.0000632651 0.120
200 -0.3961960675 0.0000758026 0.119
210 -0.3961165611 0.0000795064 0.113
220 -0.3960657085 0.0000508526 0.117
230 -0.3960425094 0.0000231991 0.115
240 -0.3960103247 0.0000321847 0.112
250 -0.3960034577 0.0000068670 0.111
260 -0.3960034572 0.0000000005 0.113
Marginal Likelihood = -0.3960034572
Total time = 3.0699 seconds
Total iterations = 260 
CV error = 0.3272432, 0.0306060 
