Marginal likelihood with initialization (1) = -0.5787547331
Marginal likelihood with initialization (2) = -0.5787535922
Marginal likelihood with initialization (3) = -0.5787554068
Marginal likelihood with initialization (4) = -0.5787558545
Marginal likelihood with initialization (5) = -0.5787567328
Iteration Marginal_Likelihood delta_Marginal_Likelihood Iteration_Time (secs)
0 -0.5787535922 -- 0.023
10 -0.4343186393 0.1444349529 0.077
20 -0.4113440505 0.0229745889 0.076
30 -0.3973601242 0.0139839263 0.073
40 -0.3957366969 0.0016234273 0.084
50 -0.3953841564 0.0003525404 0.072
60 -0.3952362003 0.0001479561 0.071
70 -0.3951271727 0.0001090276 0.074
80 -0.3950316458 0.0000955269 0.072
90 -0.3949811764 0.0000504694 0.072
100 -0.3948885155 0.0000926609 0.072
110 -0.3948082138 0.0000803018 0.076
120 -0.3947867122 0.0000215016 0.076
130 -0.3947579878 0.0000287243 0.071
140 -0.3947207145 0.0000372733 0.072
150 -0.3946949357 0.0000257788 0.072
160 -0.3946756062 0.0000193295 0.071
170 -0.3946589159 0.0000166903 0.073
180 -0.3946333945 0.0000255214 0.084
190 -0.3946329364 0.0000004581 0.072
Marginal Likelihood = -0.3946329364
Total time = 1.4375 seconds
Total iterations = 190 
CV error = 0.3555489, 0.0195343 
