Marginal likelihood with initialization (1) = -0.8639865248
Marginal likelihood with initialization (2) = -0.8639870354
Marginal likelihood with initialization (3) = -0.8639874107
Marginal likelihood with initialization (4) = -0.8639888637
Marginal likelihood with initialization (5) = -0.8639871406
Iteration Marginal_Likelihood delta_Marginal_Likelihood Iteration_Time (secs)
0 -0.8639865248 -- 0.075
10 -0.6419091895 0.2220773353 0.295
20 -0.5004797818 0.1414294077 0.271
30 -0.4449455695 0.0555342123 0.275
40 -0.4203904610 0.0245551085 0.266
50 -0.4134803464 0.0069101146 0.288
60 -0.4100233783 0.0034569681 0.275
70 -0.4077668728 0.0022565055 0.269
80 -0.4063886698 0.0013782030 0.280
90 -0.4054927425 0.0008959273 0.281
100 -0.4047940928 0.0006986497 0.267
110 -0.4043952009 0.0003988919 0.270
120 -0.4039779891 0.0004172118 0.297
130 -0.4036395424 0.0003384468 0.268
140 -0.4033682648 0.0002712776 0.268
150 -0.4031216644 0.0002466004 0.272
160 -0.4026184608 0.0005032036 0.295
170 -0.4018971826 0.0007212781 0.265
180 -0.4016306286 0.0002665541 0.270
190 -0.4015379060 0.0000927226 0.274
200 -0.4014312232 0.0001066828 0.279
210 -0.4013405852 0.0000906380 0.268
220 -0.4013146991 0.0000258861 0.274
230 -0.4012868830 0.0000278161 0.287
240 -0.4012585677 0.0000283154 0.265
250 -0.4012292259 0.0000293417 0.273
260 -0.4011735106 0.0000557154 0.264
270 -0.4011204216 0.0000530890 0.285
280 -0.4011203513 0.0000000703 0.271
Marginal Likelihood = -0.4011203513
Total time = 7.7925 seconds
Total iterations = 280 
CV error = 0.3213309, 0.0256645 
