Marginal likelihood with initialization (1) = -0.8449376381
Marginal likelihood with initialization (2) = -0.8449359288
Marginal likelihood with initialization (3) = -0.8449369235
Marginal likelihood with initialization (4) = -0.8449367629
Marginal likelihood with initialization (5) = -0.8449364168
Iteration Marginal_Likelihood delta_Marginal_Likelihood Iteration_Time (secs)
0 -0.8449359288 -- 0.064
10 -0.6193255105 0.2256104183 0.283
20 -0.4995477464 0.1197777641 0.283
30 -0.4506080924 0.0489396540 0.376
40 -0.4246427998 0.0259652926 0.349
50 -0.4151838585 0.0094589413 0.357
60 -0.4107069522 0.0044769062 0.340
70 -0.4078972857 0.0028096665 0.357
80 -0.4062898998 0.0016073859 0.295
90 -0.4053063099 0.0009835899 0.328
100 -0.4045967522 0.0007095577 0.264
110 -0.4040487474 0.0005480047 0.298
120 -0.4036784597 0.0003702878 0.294
130 -0.4033668831 0.0003115766 0.335
140 -0.4031568269 0.0002100562 0.321
150 -0.4028717172 0.0002851097 0.303
160 -0.4026560617 0.0002156556 0.369
170 -0.4024658742 0.0001901874 0.325
180 -0.4023258271 0.0001400471 0.327
190 -0.4022236174 0.0001022097 0.264
200 -0.4020920819 0.0001315355 0.391
210 -0.4019848010 0.0001072809 0.298
220 -0.4019490848 0.0000357162 0.262
230 -0.4019487342 0.0000003506 0.249
Marginal Likelihood = -0.4019487342
Total time = 7.3365 seconds
Total iterations = 230 
