Marginal likelihood with initialization (1) = -0.6737817373
Marginal likelihood with initialization (2) = -0.6737809854
Marginal likelihood with initialization (3) = -0.6737799056
Marginal likelihood with initialization (4) = -0.6737802983
Marginal likelihood with initialization (5) = -0.6737806390
Iteration Marginal_Likelihood delta_Marginal_Likelihood Iteration_Time (secs)
0 -0.6737799056 -- 0.036
10 -0.5003057068 0.1734741988 0.123
20 -0.4417389962 0.0585667105 0.129
30 -0.4168999105 0.0248390858 0.132
40 -0.4085417583 0.0083581522 0.123
50 -0.4043491909 0.0041925673 0.130
60 -0.4019365909 0.0024126000 0.132
70 -0.4002952711 0.0016413198 0.124
80 -0.3994464862 0.0008487849 0.124
90 -0.3988186409 0.0006278453 0.122
100 -0.3982657666 0.0005528743 0.135
110 -0.3978242051 0.0004415615 0.126
120 -0.3975581694 0.0002660357 0.129
130 -0.3973322398 0.0002259295 0.122
140 -0.3970668839 0.0002653560 0.122
150 -0.3969405430 0.0001263409 0.122
160 -0.3968253986 0.0001151444 0.126
170 -0.3966857384 0.0001396603 0.122
180 -0.3966181413 0.0000675970 0.142
190 -0.3964977231 0.0001204183 0.128
200 -0.3964330166 0.0000647065 0.124
210 -0.3964061811 0.0000268355 0.123
220 -0.3963455076 0.0000606735 0.122
230 -0.3960815323 0.0002639753 0.122
240 -0.3959121908 0.0001693415 0.126
250 -0.3958719460 0.0000402449 0.123
260 -0.3958716431 0.0000003029 0.130
Marginal Likelihood = -0.3958716431
Total time = 3.3248 seconds
Total iterations = 260 
CV error = 0.3353843, 0.0295730 
